1625663097174	mozrunner::runner	INFO	Running command: "/usr/bin/firefox" "-marionette" "-foreground" "-no-remote" "-profile" "/tmp/rust_mozprofile.TOQHHItUSr0H"
1625663101296	Marionette	INFO	Marionette enabled
console.warn: SearchSettings: "get: No settings file exists, new profile?" (new NotFoundError("Could not open the file at /tmp/rust_mozprofile.TOQHHItUSr0H/search.json.mozlz4", (void 0)))
1625663109088	Marionette	INFO	Listening on port 37037
1625663109286	Marionette	WARN	TLS certificate errors will be ignored for this session
1625663143596	mozrunner::runner	INFO	Running command: "/usr/bin/firefox" "-marionette" "-foreground" "-no-remote" "-profile" "/tmp/rust_mozprofile.zChuJyeoud5r"
1625663145523	Marionette	INFO	Marionette enabled
Exiting due to channel error.
1625663155094	Marionette	INFO	Stopped listening on port 37037
1625663156207	mozrunner::runner	INFO	Running command: "/usr/bin/firefox" "-marionette" "-foreground" "-no-remote" "-profile" "/tmp/rust_mozprofile.4Zam4taNHX6u"
1625663157979	Marionette	INFO	Marionette enabled
console.warn: SearchSettings: "get: No settings file exists, new profile?" (new NotFoundError("Could not open the file at /tmp/rust_mozprofile.4Zam4taNHX6u/search.json.mozlz4", (void 0)))
1625663161173	Marionette	INFO	Listening on port 43767
1625663161429	Marionette	WARN	TLS certificate errors will be ignored for this session
1625663173616	Marionette	INFO	Stopped listening on port 43767

###!!! [Parent][RunMessage] Error: Channel closing: too late to send/recv, messages will be lost

1625663204071	mozrunner::runner	INFO	Running command: "/usr/bin/firefox" "-marionette" "-foreground" "-no-remote" "-profile" "/tmp/rust_mozprofile.aynbNN7tgdvz"
1625663206016	Marionette	INFO	Marionette enabled
console.warn: SearchSettings: "get: No settings file exists, new profile?" (new NotFoundError("Could not open the file at /tmp/rust_mozprofile.aynbNN7tgdvz/search.json.mozlz4", (void 0)))
1625663209770	Marionette	INFO	Listening on port 39979
1625663210186	Marionette	WARN	TLS certificate errors will be ignored for this session
1625663214311	Marionette	WARN	Ignoring event 'pageshow' because document has an invalid readyState of 'uninitialized'.
console.log: WebExtensions: reset-default-search: starting.
console.log: WebExtensions: reset-default-search: No addons in our list are installed.
JavaScript error: resource://activity-stream/lib/PersonalityProvider/PersonalityProvider.jsm, line 84: TypeError: http://%(server)s/dummy/blocklist// is not a valid URL.
JavaScript error: resource://activity-stream/lib/PersonalityProvider/PersonalityProvider.jsm, line 84: TypeError: http://%(server)s/dummy/blocklist// is not a valid URL.
JavaScript error: resource://activity-stream/lib/PersonalityProvider/PersonalityProvider.jsm, line 84: TypeError: http://%(server)s/dummy/blocklist// is not a valid URL.
JavaScript error: resource://activity-stream/lib/PersonalityProvider/PersonalityProvider.jsm, line 84: TypeError: http://%(server)s/dummy/blocklist// is not a valid URL.
JavaScript error: resource://activity-stream/lib/PersonalityProvider/PersonalityProvider.jsm, line 84: TypeError: http://%(server)s/dummy/blocklist// is not a valid URL.
JavaScript error: resource://activity-stream/lib/PersonalityProvider/PersonalityProvider.jsm, line 84: TypeError: http://%(server)s/dummy/blocklist// is not a valid URL.
JavaScript error: resource://activity-stream/lib/PersonalityProvider/PersonalityProvider.jsm, line 84: TypeError: http://%(server)s/dummy/blocklist// is not a valid URL.
JavaScript error: resource://activity-stream/lib/PersonalityProvider/PersonalityProvider.jsm, line 84: TypeError: http://%(server)s/dummy/blocklist// is not a valid URL.
JavaScript error: resource://activity-stream/lib/PersonalityProvider/PersonalityProvider.jsm, line 84: TypeError: http://%(server)s/dummy/blocklist// is not a valid URL.
JavaScript error: resource://activity-stream/lib/PersonalityProvider/PersonalityProvider.jsm, line 84: TypeError: http://%(server)s/dummy/blocklist// is not a valid URL.
1625675867047	Marionette	INFO	Stopped listening on port 39979
1625678196378	mozrunner::runner	INFO	Running command: "/usr/bin/firefox" "-marionette" "-foreground" "-no-remote" "-profile" "/tmp/rust_mozprofile.H4K61QjOjQHT"
1625678200699	Marionette	INFO	Marionette enabled
console.warn: SearchSettings: "get: No settings file exists, new profile?" (new NotFoundError("Could not open the file at /tmp/rust_mozprofile.H4K61QjOjQHT/search.json.mozlz4", (void 0)))
1625678208826	Marionette	INFO	Listening on port 37465
1625678209026	Marionette	WARN	TLS certificate errors will be ignored for this session
1625678213981	Marionette	WARN	Ignoring event 'pageshow' because document has an invalid readyState of 'uninitialized'.
1625678253553	Marionette	INFO	Stopped listening on port 37465

###!!! [Parent][RunMessage] Error: Channel closing: too late to send/recv, messages will be lost

1625678468033	mozrunner::runner	INFO	Running command: "/usr/bin/firefox" "-marionette" "-foreground" "-no-remote" "-profile" "/tmp/rust_mozprofile.BAmAyrfFKVvH"
1625678472131	Marionette	INFO	Marionette enabled
console.warn: SearchSettings: "get: No settings file exists, new profile?" (new NotFoundError("Could not open the file at /tmp/rust_mozprofile.BAmAyrfFKVvH/search.json.mozlz4", (void 0)))
1625678480429	Marionette	INFO	Listening on port 39681
1625678480594	Marionette	WARN	TLS certificate errors will be ignored for this session
1625678486388	Marionette	WARN	Ignoring event 'pageshow' because document has an invalid readyState of 'uninitialized'.
JavaScript error: resource://activity-stream/lib/PersonalityProvider/PersonalityProvider.jsm, line 84: TypeError: http://%(server)s/dummy/blocklist// is not a valid URL.
console.log: WebExtensions: reset-default-search: starting.
console.log: WebExtensions: reset-default-search: No addons in our list are installed.
1625679427075	Marionette	INFO	Stopped listening on port 39681

###!!! [Parent][RunMessage] Error: Channel closing: too late to send/recv, messages will be lost

1625679471834	mozrunner::runner	INFO	Running command: "/usr/bin/firefox" "-marionette" "-foreground" "-no-remote" "-profile" "/tmp/rust_mozprofile.Waf9FUCfTBeH"
1625679489760	Marionette	INFO	Marionette enabled
console.warn: SearchSettings: "get: No settings file exists, new profile?" (new NotFoundError("Could not open the file at /tmp/rust_mozprofile.Waf9FUCfTBeH/search.json.mozlz4", (void 0)))
1625679502143	Marionette	INFO	Listening on port 38543
1625679502288	Marionette	WARN	TLS certificate errors will be ignored for this session
1625679513154	Marionette	WARN	Ignoring event 'pageshow' because document has an invalid readyState of 'uninitialized'.
1625679526476	Marionette	INFO	Stopped listening on port 38543

###!!! [Parent][RunMessage] Error: Channel closing: too late to send/recv, messages will be lost

1625679627999	mozrunner::runner	INFO	Running command: "/usr/bin/firefox" "-marionette" "-foreground" "-no-remote" "-profile" "/tmp/rust_mozprofile.iUnDKjndcapG"
1625679630408	Marionette	INFO	Marionette enabled
console.warn: SearchSettings: "get: No settings file exists, new profile?" (new NotFoundError("Could not open the file at /tmp/rust_mozprofile.iUnDKjndcapG/search.json.mozlz4", (void 0)))
1625679635751	Marionette	INFO	Listening on port 42317
1625679636232	Marionette	WARN	TLS certificate errors will be ignored for this session
1625679639227	Marionette	WARN	Ignoring event 'pageshow' because document has an invalid readyState of 'uninitialized'.

###!!! [Parent][RunMessage] Error: Channel closing: too late to send/recv, messages will be lost


###!!! [Parent][RunMessage] Error: Channel closing: too late to send/recv, messages will be lost

1625679681262	Marionette	INFO	Stopped listening on port 42317
1625679686128	mozrunner::runner	INFO	Running command: "/usr/bin/firefox" "-marionette" "-foreground" "-no-remote" "-profile" "/tmp/rust_mozprofile.QBW7ogtbC7O9"
1625679687831	Marionette	INFO	Marionette enabled
console.warn: SearchSettings: "get: No settings file exists, new profile?" (new NotFoundError("Could not open the file at /tmp/rust_mozprofile.QBW7ogtbC7O9/search.json.mozlz4", (void 0)))
1625679691578	Marionette	INFO	Listening on port 43061
1625679691799	Marionette	WARN	TLS certificate errors will be ignored for this session
1625679694444	Marionette	WARN	Ignoring event 'pageshow' because document has an invalid readyState of 'uninitialized'.
1625679753370	Marionette	INFO	Stopped listening on port 43061

###!!! [Parent][RunMessage] Error: Channel closing: too late to send/recv, messages will be lost


###!!! [Parent][RunMessage] Error: Channel closing: too late to send/recv, messages will be lost

1625679753883	mozrunner::runner	INFO	Running command: "/usr/bin/firefox" "-marionette" "-foreground" "-no-remote" "-profile" "/tmp/rust_mozprofile.iu2QPv6K8Jil"
1625679755533	Marionette	INFO	Marionette enabled
console.warn: SearchSettings: "get: No settings file exists, new profile?" (new NotFoundError("Could not open the file at /tmp/rust_mozprofile.iu2QPv6K8Jil/search.json.mozlz4", (void 0)))
1625679759119	Marionette	INFO	Listening on port 42435
1625679759484	Marionette	WARN	TLS certificate errors will be ignored for this session
1625679762064	Marionette	WARN	Ignoring event 'pageshow' because document has an invalid readyState of 'uninitialized'.
1625679906457	Marionette	INFO	Stopped listening on port 42435
1625680092236	mozrunner::runner	INFO	Running command: "/usr/bin/firefox" "-marionette" "-foreground" "-no-remote" "-profile" "/tmp/rust_mozprofile.rlrPfhp1apPZ"
1625680093908	Marionette	INFO	Marionette enabled
console.warn: SearchSettings: "get: No settings file exists, new profile?" (new NotFoundError("Could not open the file at /tmp/rust_mozprofile.rlrPfhp1apPZ/search.json.mozlz4", (void 0)))
1625680097030	Marionette	INFO	Listening on port 44675
1625680097328	Marionette	WARN	TLS certificate errors will be ignored for this session
1625680100097	Marionette	WARN	Ignoring event 'pageshow' because document has an invalid readyState of 'uninitialized'.
1625680107152	Marionette	INFO	Stopped listening on port 44675

###!!! [Parent][RunMessage] Error: Channel closing: too late to send/recv, messages will be lost

1625680388259	mozrunner::runner	INFO	Running command: "/usr/bin/firefox" "-marionette" "-foreground" "-no-remote" "-profile" "/tmp/rust_mozprofile.g6j4uQE9SuCH"
1625680390566	Marionette	INFO	Marionette enabled
console.warn: SearchSettings: "get: No settings file exists, new profile?" (new NotFoundError("Could not open the file at /tmp/rust_mozprofile.g6j4uQE9SuCH/search.json.mozlz4", (void 0)))
1625680394080	Marionette	INFO	Listening on port 42913
1625680394362	Marionette	WARN	TLS certificate errors will be ignored for this session
1625680397865	Marionette	WARN	Ignoring event 'pageshow' because document has an invalid readyState of 'uninitialized'.
1625680440611	Marionette	INFO	Stopped listening on port 42913

###!!! [Parent][RunMessage] Error: Channel closing: too late to send/recv, messages will be lost

1625680538178	mozrunner::runner	INFO	Running command: "/usr/bin/firefox" "-marionette" "-foreground" "-no-remote" "-profile" "/tmp/rust_mozprofile.16fWITrJH8CM"
1625680540832	Marionette	INFO	Marionette enabled
console.warn: SearchSettings: "get: No settings file exists, new profile?" (new NotFoundError("Could not open the file at /tmp/rust_mozprofile.16fWITrJH8CM/search.json.mozlz4", (void 0)))
1625680545315	Marionette	INFO	Listening on port 34037
1625680545516	Marionette	WARN	TLS certificate errors will be ignored for this session
1625680548072	Marionette	WARN	Ignoring event 'pageshow' because document has an invalid readyState of 'uninitialized'.
1625680644810	Marionette	INFO	Stopped listening on port 34037
1625680669767	mozrunner::runner	INFO	Running command: "/usr/bin/firefox" "-marionette" "-foreground" "-no-remote" "-profile" "/tmp/rust_mozprofile.CXnc9s0OXEZ7"
1625680672005	Marionette	INFO	Marionette enabled
console.warn: SearchSettings: "get: No settings file exists, new profile?" (new NotFoundError("Could not open the file at /tmp/rust_mozprofile.CXnc9s0OXEZ7/search.json.mozlz4", (void 0)))
1625680676347	Marionette	INFO	Listening on port 34107
1625680676716	Marionette	WARN	TLS certificate errors will be ignored for this session
1625680679133	Marionette	WARN	Ignoring event 'pageshow' because document has an invalid readyState of 'uninitialized'.
JavaScript error: resource://devtools/shared/protocol/Front.js, line 103: Error: Connection closed, pending request to server0.conn0.watcher2, type watchResources failed

Request stack:
request@resource://devtools/shared/protocol/Front.js:292:14
generateRequestMethods/</frontProto[name]@resource://devtools/shared/protocol/Front/FrontClassWithSpec.js:46:19
_startListening@resource://devtools/shared/resources/resource-watcher.js:754:31
watchResources@resource://devtools/shared/resources/resource-watcher.js:168:20


###!!! [Parent][RunMessage] Error: Channel closing: too late to send/recv, messages will be lost

1625680707456	Marionette	INFO	Stopped listening on port 34107
1625681081488	mozrunner::runner	INFO	Running command: "/usr/bin/firefox" "-marionette" "-foreground" "-no-remote" "-profile" "/tmp/rust_mozprofile.BljJKc0bAtnB"
1625681083505	Marionette	INFO	Marionette enabled
console.warn: SearchSettings: "get: No settings file exists, new profile?" (new NotFoundError("Could not open the file at /tmp/rust_mozprofile.BljJKc0bAtnB/search.json.mozlz4", (void 0)))
1625681086552	Marionette	INFO	Listening on port 45527
1625681086863	Marionette	WARN	TLS certificate errors will be ignored for this session
1625681089368	Marionette	WARN	Ignoring event 'pageshow' because document has an invalid readyState of 'uninitialized'.
1625681156442	Marionette	INFO	Stopped listening on port 45527

###!!! [Parent][RunMessage] Error: Channel closing: too late to send/recv, messages will be lost

1625681176406	mozrunner::runner	INFO	Running command: "/usr/bin/firefox" "-marionette" "-foreground" "-no-remote" "-profile" "/tmp/rust_mozprofile.IvY8BJCheT9n"
1625681178092	Marionette	INFO	Marionette enabled
console.warn: SearchSettings: "get: No settings file exists, new profile?" (new NotFoundError("Could not open the file at /tmp/rust_mozprofile.IvY8BJCheT9n/search.json.mozlz4", (void 0)))
1625681181644	Marionette	INFO	Listening on port 37289
JavaScript error: resource://activity-stream/lib/ActivityStreamPrefs.jsm, line 27: NS_ERROR_ILLEGAL_VALUE: Component returned failure code: 0x80070057 (NS_ERROR_ILLEGAL_VALUE) [nsIPrefBranch.removeObserver]
console.error: Region.jsm: "Error fetching region" (new TypeError("NetworkError when attempting to fetch resource.", ""))
console.error: Region.jsm: "Failed to fetch region" (new Error("NO_RESULT", "resource://gre/modules/Region.jsm", 419))
Exiting due to channel error.
Exiting due to channel error.
1625681186131	mozrunner::runner	INFO	Running command: "/usr/bin/firefox" "-marionette" "-foreground" "-no-remote" "-profile" "/tmp/rust_mozprofile.7GFTEIqyvDOt"
1625681187752	Marionette	INFO	Marionette enabled
console.warn: SearchSettings: "get: No settings file exists, new profile?" (new NotFoundError("Could not open the file at /tmp/rust_mozprofile.7GFTEIqyvDOt/search.json.mozlz4", (void 0)))
1625681190814	Marionette	INFO	Listening on port 45583
1625681191124	Marionette	WARN	TLS certificate errors will be ignored for this session
1625681193448	Marionette	WARN	Ignoring event 'pageshow' because document has an invalid readyState of 'uninitialized'.
1625681198536	Marionette	INFO	Stopped listening on port 45583
1625681401999	mozrunner::runner	INFO	Running command: "/usr/bin/firefox" "-marionette" "-foreground" "-no-remote" "-profile" "/tmp/rust_mozprofile.FzzDyJYeEuOO"
1625681403667	Marionette	INFO	Marionette enabled
console.warn: SearchSettings: "get: No settings file exists, new profile?" (new NotFoundError("Could not open the file at /tmp/rust_mozprofile.FzzDyJYeEuOO/search.json.mozlz4", (void 0)))
1625681407048	Marionette	INFO	Listening on port 42393
1625681407395	Marionette	WARN	TLS certificate errors will be ignored for this session
1625681409988	Marionette	WARN	Ignoring event 'pageshow' because document has an invalid readyState of 'uninitialized'.
1625681443851	mozrunner::runner	INFO	Running command: "/usr/bin/firefox" "-marionette" "-foreground" "-no-remote" "-profile" "/tmp/rust_mozprofile.wNa0TSr19D7J"
1625681445949	Marionette	INFO	Marionette enabled
console.warn: SearchSettings: "get: No settings file exists, new profile?" (new NotFoundError("Could not open the file at /tmp/rust_mozprofile.wNa0TSr19D7J/search.json.mozlz4", (void 0)))
1625681456835	Marionette	INFO	Listening on port 43087
1625681456927	Marionette	WARN	TLS certificate errors will be ignored for this session
1625681468874	Marionette	WARN	Ignoring event 'pageshow' because document has an invalid readyState of 'uninitialized'.
1625681522069	Marionette	INFO	Stopped listening on port 43087

###!!! [Parent][RunMessage] Error: Channel closing: too late to send/recv, messages will be lost

1625681592670	mozrunner::runner	INFO	Running command: "/usr/bin/firefox" "-marionette" "-foreground" "-no-remote" "-profile" "/tmp/rust_mozprofile.NfSUdldZQVEL"
1625681602681	Marionette	INFO	Marionette enabled
console.warn: SearchSettings: "get: No settings file exists, new profile?" (new NotFoundError("Could not open the file at /tmp/rust_mozprofile.NfSUdldZQVEL/search.json.mozlz4", (void 0)))
1625681613907	Marionette	INFO	Listening on port 38193
1625681614270	Marionette	WARN	TLS certificate errors will be ignored for this session
1625681618493	Marionette	WARN	Ignoring event 'pageshow' because document has an invalid readyState of 'uninitialized'.
1625681703895	Marionette	INFO	Stopped listening on port 38193
1625681770296	mozrunner::runner	INFO	Running command: "/usr/bin/firefox" "-marionette" "-foreground" "-no-remote" "-profile" "/tmp/rust_mozprofile.hwFKEh7mmdGT"
1625681773286	Marionette	INFO	Marionette enabled
console.warn: SearchSettings: "get: No settings file exists, new profile?" (new NotFoundError("Could not open the file at /tmp/rust_mozprofile.hwFKEh7mmdGT/search.json.mozlz4", (void 0)))
1625681778757	Marionette	INFO	Listening on port 43627
1625681779091	Marionette	WARN	TLS certificate errors will be ignored for this session
1625681784000	Marionette	WARN	Ignoring event 'pageshow' because document has an invalid readyState of 'uninitialized'.
console.log: WebExtensions: reset-default-search: starting.
console.log: WebExtensions: reset-default-search: No addons in our list are installed.
1625681858163	Marionette	INFO	Stopped listening on port 43627

###!!! [Parent][RunMessage] Error: Channel closing: too late to send/recv, messages will be lost

1625681861950	mozrunner::runner	INFO	Running command: "/usr/bin/firefox" "-marionette" "-foreground" "-no-remote" "-profile" "/tmp/rust_mozprofile.USOub2WMhJMi"
1625681863819	Marionette	INFO	Marionette enabled
console.warn: SearchSettings: "get: No settings file exists, new profile?" (new NotFoundError("Could not open the file at /tmp/rust_mozprofile.USOub2WMhJMi/search.json.mozlz4", (void 0)))
1625681866935	Marionette	INFO	Listening on port 36809
1625681867286	Marionette	WARN	TLS certificate errors will be ignored for this session
1625681869753	Marionette	WARN	Ignoring event 'pageshow' because document has an invalid readyState of 'uninitialized'.
1625681882544	Marionette	INFO	Stopped listening on port 36809

###!!! [Parent][RunMessage] Error: Channel closing: too late to send/recv, messages will be lost

1625681884723	Marionette	INFO	Stopped listening on port 42393

###!!! [Parent][RunMessage] Error: Channel closing: too late to send/recv, messages will be lost

1625681887596	mozrunner::runner	INFO	Running command: "/usr/bin/firefox" "-marionette" "-foreground" "-no-remote" "-profile" "/tmp/rust_mozprofile.cUr9JJ8NlSRr"
1625681889864	Marionette	INFO	Marionette enabled
console.warn: SearchSettings: "get: No settings file exists, new profile?" (new NotFoundError("Could not open the file at /tmp/rust_mozprofile.cUr9JJ8NlSRr/search.json.mozlz4", (void 0)))
1625681893923	Marionette	INFO	Listening on port 42877
1625681894296	Marionette	WARN	TLS certificate errors will be ignored for this session
1625681896761	Marionette	WARN	Ignoring event 'pageshow' because document has an invalid readyState of 'uninitialized'.
1625681920072	Marionette	INFO	Stopped listening on port 42877
1625682150697	mozrunner::runner	INFO	Running command: "/usr/bin/firefox" "-marionette" "-foreground" "-no-remote" "-profile" "/tmp/rust_mozprofile.FEj5sE7IpXpq"
1625682152431	Marionette	INFO	Marionette enabled
console.warn: SearchSettings: "get: No settings file exists, new profile?" (new NotFoundError("Could not open the file at /tmp/rust_mozprofile.FEj5sE7IpXpq/search.json.mozlz4", (void 0)))
1625682155664	Marionette	INFO	Listening on port 46667
1625682155905	Marionette	WARN	TLS certificate errors will be ignored for this session
1625682158550	Marionette	WARN	Ignoring event 'pageshow' because document has an invalid readyState of 'uninitialized'.
1625682206392	mozrunner::runner	INFO	Running command: "/usr/bin/firefox" "-marionette" "-foreground" "-no-remote" "-profile" "/tmp/rust_mozprofile.XwaTErrLkJDw"
1625682208010	Marionette	INFO	Marionette enabled
console.warn: SearchSettings: "get: No settings file exists, new profile?" (new NotFoundError("Could not open the file at /tmp/rust_mozprofile.XwaTErrLkJDw/search.json.mozlz4", (void 0)))
1625682211070	Marionette	INFO	Listening on port 34273
1625682211406	Marionette	WARN	TLS certificate errors will be ignored for this session
1625682216512	Marionette	WARN	Ignoring event 'pageshow' because document has an invalid readyState of 'uninitialized'.
1625682232976	Marionette	INFO	Stopped listening on port 34273

###!!! [Parent][RunMessage] Error: Channel closing: too late to send/recv, messages will be lost

1625682236261	Marionette	INFO	Stopped listening on port 46667

###!!! [Parent][RunMessage] Error: Channel closing: too late to send/recv, messages will be lost

1625682246212	mozrunner::runner	INFO	Running command: "/usr/bin/firefox" "-marionette" "-foreground" "-no-remote" "-profile" "/tmp/rust_mozprofile.ntWBh2OmQuDG"
1625682248914	Marionette	INFO	Marionette enabled
console.warn: SearchSettings: "get: No settings file exists, new profile?" (new NotFoundError("Could not open the file at /tmp/rust_mozprofile.ntWBh2OmQuDG/search.json.mozlz4", (void 0)))
1625682254702	Marionette	INFO	Listening on port 37975
1625682254787	Marionette	WARN	TLS certificate errors will be ignored for this session
1625682257046	Marionette	WARN	Ignoring event 'pageshow' because document has an invalid readyState of 'uninitialized'.
console.log: WebExtensions: reset-default-search: starting.
console.log: WebExtensions: reset-default-search: No addons in our list are installed.
1625682704687	Marionette	INFO	Stopped listening on port 37975
1625682706754	mozrunner::runner	INFO	Running command: "/usr/bin/firefox" "-marionette" "-foreground" "-no-remote" "-profile" "/tmp/rust_mozprofile.UDKfhRqOopZS"
1625682708404	Marionette	INFO	Marionette enabled
console.warn: SearchSettings: "get: No settings file exists, new profile?" (new NotFoundError("Could not open the file at /tmp/rust_mozprofile.UDKfhRqOopZS/search.json.mozlz4", (void 0)))
1625682711285	Marionette	INFO	Listening on port 44205
1625682711562	Marionette	WARN	TLS certificate errors will be ignored for this session
1625682714282	Marionette	WARN	Ignoring event 'pageshow' because document has an invalid readyState of 'uninitialized'.
1625682728438	Marionette	INFO	Stopped listening on port 44205
1625682754571	mozrunner::runner	INFO	Running command: "/usr/bin/firefox" "-marionette" "-foreground" "-no-remote" "-profile" "/tmp/rust_mozprofile.KbdulJDlAmE4"
1625682756261	Marionette	INFO	Marionette enabled
console.warn: SearchSettings: "get: No settings file exists, new profile?" (new NotFoundError("Could not open the file at /tmp/rust_mozprofile.KbdulJDlAmE4/search.json.mozlz4", (void 0)))
1625682760087	Marionette	INFO	Listening on port 44279
1625682760581	Marionette	WARN	TLS certificate errors will be ignored for this session
1625682763026	Marionette	WARN	Ignoring event 'pageshow' because document has an invalid readyState of 'uninitialized'.
1625682772197	Marionette	INFO	Stopped listening on port 44279
1625682789244	mozrunner::runner	INFO	Running command: "/usr/bin/firefox" "-marionette" "-foreground" "-no-remote" "-profile" "/tmp/rust_mozprofile.LTprFyYGF3pR"
1625682791609	Marionette	INFO	Marionette enabled
console.warn: SearchSettings: "get: No settings file exists, new profile?" (new NotFoundError("Could not open the file at /tmp/rust_mozprofile.LTprFyYGF3pR/search.json.mozlz4", (void 0)))
1625682794894	Marionette	INFO	Listening on port 33571
1625682795332	Marionette	WARN	TLS certificate errors will be ignored for this session
1625682797777	Marionette	WARN	Ignoring event 'pageshow' because document has an invalid readyState of 'uninitialized'.
1625682814703	Marionette	INFO	Stopped listening on port 33571
1625683061771	mozrunner::runner	INFO	Running command: "/usr/bin/firefox" "-marionette" "-foreground" "-no-remote" "-profile" "/tmp/rust_mozprofile.DMdzzlipGCuz"
1625683063408	Marionette	INFO	Marionette enabled
console.warn: SearchSettings: "get: No settings file exists, new profile?" (new NotFoundError("Could not open the file at /tmp/rust_mozprofile.DMdzzlipGCuz/search.json.mozlz4", (void 0)))
1625683066488	Marionette	INFO	Listening on port 40329
1625683066875	Marionette	WARN	TLS certificate errors will be ignored for this session
1625683069179	Marionette	WARN	Ignoring event 'pageshow' because document has an invalid readyState of 'uninitialized'.
1625683111085	mozrunner::runner	INFO	Running command: "/usr/bin/firefox" "-marionette" "-foreground" "-no-remote" "-profile" "/tmp/rust_mozprofile.PYJBQwMuhVmO"
1625683113478	Marionette	INFO	Marionette enabled
console.warn: SearchSettings: "get: No settings file exists, new profile?" (new NotFoundError("Could not open the file at /tmp/rust_mozprofile.PYJBQwMuhVmO/search.json.mozlz4", (void 0)))
1625683121733	Marionette	INFO	Listening on port 45117
1625683121863	Marionette	WARN	TLS certificate errors will be ignored for this session
1625683126356	Marionette	WARN	Ignoring event 'pageshow' because document has an invalid readyState of 'uninitialized'.
1625683153687	Marionette	INFO	Stopped listening on port 45117

###!!! [Parent][RunMessage] Error: Channel closing: too late to send/recv, messages will be lost

1625683153826	Marionette	INFO	Stopped listening on port 40329
1625683401998	mozrunner::runner	INFO	Running command: "/usr/bin/firefox" "-marionette" "-foreground" "-no-remote" "-profile" "/tmp/rust_mozprofile.6DSuJGJX7IEh"
1625683408395	Marionette	INFO	Marionette enabled
console.warn: SearchSettings: "get: No settings file exists, new profile?" (new NotFoundError("Could not open the file at /tmp/rust_mozprofile.6DSuJGJX7IEh/search.json.mozlz4", (void 0)))
1625683415919	Marionette	INFO	Listening on port 34487
1625683416476	Marionette	WARN	TLS certificate errors will be ignored for this session
1625683419613	Marionette	WARN	Ignoring event 'pageshow' because document has an invalid readyState of 'uninitialized'.
JavaScript error: https://tpc.googlesyndication.com/sodar/5k7CCto5.html, line 11: uncaught exception: 7
JavaScript error: https://tpc.googlesyndication.com/sodar/5k7CCto5.html, line 11: uncaught exception: 7
1625683444099	Marionette	WARN	Ignoring event 'DOMContentLoaded' because document has an invalid readyState of 'complete'.

###!!! [Parent][RunMessage] Error: Channel closing: too late to send/recv, messages will be lost


###!!! [Parent][RunMessage] Error: Channel closing: too late to send/recv, messages will be lost


###!!! [Parent][RunMessage] Error: Channel closing: too late to send/recv, messages will be lost


###!!! [Parent][RunMessage] Error: Channel closing: too late to send/recv, messages will be lost


###!!! [Parent][RunMessage] Error: Channel closing: too late to send/recv, messages will be lost


###!!! [Parent][RunMessage] Error: Channel closing: too late to send/recv, messages will be lost


###!!! [Parent][RunMessage] Error: Channel closing: too late to send/recv, messages will be lost


###!!! [Parent][RunMessage] Error: Channel closing: too late to send/recv, messages will be lost


###!!! [Parent][RunMessage] Error: Channel closing: too late to send/recv, messages will be lost


###!!! [Parent][RunMessage] Error: Channel closing: too late to send/recv, messages will be lost


###!!! [Parent][RunMessage] Error: Channel closing: too late to send/recv, messages will be lost

Marionette threw an error: TypeError: chromeWindow is null
waitForNavigationCompleted@chrome://marionette/content/navigate.js:337:3
GeckoDriver.prototype.navigateTo@chrome://marionette/content/driver.js:939:18

console.error: services.settings: 
  Message: TypeError: NetworkError when attempting to fetch resource.
  Stack:
    timedFetch/<@resource://services-common/kinto-http-client.js:549:22
timedFetch@resource://services-common/kinto-http-client.js:527:20
request@resource://services-common/kinto-http-client.js:613:41
execute@resource://services-common/kinto-http-client.js:2400:44
getData@resource://services-common/kinto-http-client.js:1028:49
maybeSync@resource://services-settings/RemoteSettingsClient.jsm:561:54
observe@resource://gre/modules/AsyncShutdown.jsm:575:16

console.warn: services.settings: main/hijack-blocklists sync interrupted by shutdown
console.warn: services.settings: main/url-classifier-skip-urls sync interrupted by shutdown
console.warn: services.settings: main/pioneer-study-addons-v1 sync interrupted by shutdown
console.warn: services.settings: main/normandy-recipes-capabilities sync interrupted by shutdown
console.warn: services.settings: main/whats-new-panel sync interrupted by shutdown
console.warn: services.settings: main/top-sites sync interrupted by shutdown
console.warn: services.settings: main/cfr-fxa sync interrupted by shutdown
console.warn: services.settings: main/fxmonitor-breaches sync interrupted by shutdown
console.warn: services.settings: main/search-config sync interrupted by shutdown
console.warn: services.settings: main/search-telemetry sync interrupted by shutdown
console.warn: services.settings: main/cfr sync interrupted by shutdown
console.warn: services.settings: main/websites-with-shared-credential-backends sync interrupted by shutdown
console.warn: services.settings: pinning/pins sync interrupted by shutdown
console.warn: services.settings: security-state/onecrl sync interrupted by shutdown
console.warn: services.settings: security-state/cert-revocations sync interrupted by shutdown
console.warn: services.settings: security-state/intermediates sync interrupted by shutdown
JavaScript error: resource://gre/modules/AsyncShutdown.jsm, line 575: NotFoundError: No such JSWindowActor 'MarionetteEvents'
JavaScript error: resource://gre/modules/AsyncShutdown.jsm, line 575: NotFoundError: No such JSWindowActor 'MarionetteEvents'
JavaScript error: resource://gre/modules/AsyncShutdown.jsm, line 575: NotFoundError: No such JSWindowActor 'MarionetteEvents'
JavaScript error: resource://gre/modules/AsyncShutdown.jsm, line 575: NotFoundError: No such JSWindowActor 'MarionetteEvents'
JavaScript error: resource://gre/modules/AsyncShutdown.jsm, line 575: NotFoundError: No such JSWindowActor 'MarionetteEvents'
JavaScript error: resource://gre/modules/AsyncShutdown.jsm, line 575: NotFoundError: No such JSWindowActor 'MarionetteEvents'
1625683891075	Marionette	INFO	Stopped listening on port 34487

###!!! [Parent][RunMessage] Error: Channel closing: too late to send/recv, messages will be lost

1625684419325	mozrunner::runner	INFO	Running command: "/usr/bin/firefox" "-marionette" "-foreground" "-no-remote" "-profile" "/tmp/rust_mozprofile.rpDKyCWpS8Km"
1625684424662	Marionette	INFO	Marionette enabled
console.warn: SearchSettings: "get: No settings file exists, new profile?" (new NotFoundError("Could not open the file at /tmp/rust_mozprofile.rpDKyCWpS8Km/search.json.mozlz4", (void 0)))
1625684432449	Marionette	INFO	Listening on port 39805
1625684432580	Marionette	WARN	TLS certificate errors will be ignored for this session
1625684437775	Marionette	WARN	Ignoring event 'pageshow' because document has an invalid readyState of 'uninitialized'.

###!!! [Parent][RunMessage] Error: Channel closing: too late to send/recv, messages will be lost


###!!! [Parent][RunMessage] Error: Channel closing: too late to send/recv, messages will be lost

1625684465081	Marionette	INFO	Stopped listening on port 39805

###!!! [Parent][RunMessage] Error: Channel closing: too late to send/recv, messages will be lost

1625684524628	mozrunner::runner	INFO	Running command: "/usr/bin/firefox" "-marionette" "-foreground" "-no-remote" "-profile" "/tmp/rust_mozprofile.Un8kxstLjcnU"
1625684527551	Marionette	INFO	Marionette enabled
console.warn: SearchSettings: "get: No settings file exists, new profile?" (new NotFoundError("Could not open the file at /tmp/rust_mozprofile.Un8kxstLjcnU/search.json.mozlz4", (void 0)))
1625684532335	Marionette	INFO	Listening on port 38159
1625684532833	Marionette	WARN	TLS certificate errors will be ignored for this session
1625684535414	Marionette	WARN	Ignoring event 'pageshow' because document has an invalid readyState of 'uninitialized'.
1625684555387	Marionette	INFO	Stopped listening on port 38159
1625684677188	mozrunner::runner	INFO	Running command: "/usr/bin/firefox" "-marionette" "-foreground" "-no-remote" "-profile" "/tmp/rust_mozprofile.pMkK64B4REco"
1625684679360	Marionette	INFO	Marionette enabled
console.warn: SearchSettings: "get: No settings file exists, new profile?" (new NotFoundError("Could not open the file at /tmp/rust_mozprofile.pMkK64B4REco/search.json.mozlz4", (void 0)))
1625684684703	Marionette	INFO	Listening on port 45203
1625684685311	Marionette	WARN	TLS certificate errors will be ignored for this session
1625684688575	Marionette	WARN	Ignoring event 'pageshow' because document has an invalid readyState of 'uninitialized'.

###!!! [Parent][RunMessage] Error: Channel closing: too late to send/recv, messages will be lost


###!!! [Parent][RunMessage] Error: Channel closing: too late to send/recv, messages will be lost

1625684733504	Marionette	INFO	Stopped listening on port 45203
1625684758214	mozrunner::runner	INFO	Running command: "/usr/bin/firefox" "-marionette" "-foreground" "-no-remote" "-profile" "/tmp/rust_mozprofile.60eCDqlzEyjo"
1625684764998	Marionette	INFO	Marionette enabled
console.warn: SearchSettings: "get: No settings file exists, new profile?" (new NotFoundError("Could not open the file at /tmp/rust_mozprofile.60eCDqlzEyjo/search.json.mozlz4", (void 0)))
1625684773078	Marionette	INFO	Listening on port 33405
1625684773325	Marionette	WARN	TLS certificate errors will be ignored for this session
1625684777931	Marionette	WARN	Ignoring event 'pageshow' because document has an invalid readyState of 'uninitialized'.
1625684808593	Marionette	INFO	Stopped listening on port 33405
1625684973022	mozrunner::runner	INFO	Running command: "/usr/bin/firefox" "-marionette" "-foreground" "-no-remote" "-profile" "/tmp/rust_mozprofile.nGR38FufS3dT"
1625684975662	Marionette	INFO	Marionette enabled
console.warn: SearchSettings: "get: No settings file exists, new profile?" (new NotFoundError("Could not open the file at /tmp/rust_mozprofile.nGR38FufS3dT/search.json.mozlz4", (void 0)))
1625684983715	Marionette	INFO	Listening on port 43939
1625684983787	Marionette	WARN	TLS certificate errors will be ignored for this session
1625684987416	Marionette	WARN	Ignoring event 'pageshow' because document has an invalid readyState of 'uninitialized'.
1625685031652	Marionette	INFO	Stopped listening on port 43939
1625685089034	mozrunner::runner	INFO	Running command: "/usr/bin/firefox" "-marionette" "-foreground" "-no-remote" "-profile" "/tmp/rust_mozprofile.cgIFUCVD33GF"
1625685094614	Marionette	INFO	Marionette enabled
console.warn: SearchSettings: "get: No settings file exists, new profile?" (new NotFoundError("Could not open the file at /tmp/rust_mozprofile.cgIFUCVD33GF/search.json.mozlz4", (void 0)))
1625685104384	Marionette	INFO	Listening on port 35613
1625685104568	Marionette	WARN	TLS certificate errors will be ignored for this session
1625685111982	Marionette	WARN	Ignoring event 'pageshow' because document has an invalid readyState of 'uninitialized'.
1625685137925	Marionette	INFO	Stopped listening on port 35613

###!!! [Parent][RunMessage] Error: Channel closing: too late to send/recv, messages will be lost

1625685156051	mozrunner::runner	INFO	Running command: "/usr/bin/firefox" "-marionette" "-foreground" "-no-remote" "-profile" "/tmp/rust_mozprofile.aepD6baK4pVX"
1625685162629	Marionette	INFO	Marionette enabled
console.warn: SearchSettings: "get: No settings file exists, new profile?" (new NotFoundError("Could not open the file at /tmp/rust_mozprofile.aepD6baK4pVX/search.json.mozlz4", (void 0)))
1625685172819	Marionette	INFO	Listening on port 43635
1625685173144	Marionette	WARN	TLS certificate errors will be ignored for this session
1625685178426	Marionette	WARN	Ignoring event 'pageshow' because document has an invalid readyState of 'uninitialized'.
1625685216491	Marionette	INFO	Stopped listening on port 43635
1625685257569	mozrunner::runner	INFO	Running command: "/usr/bin/firefox" "-marionette" "-foreground" "-no-remote" "-profile" "/tmp/rust_mozprofile.ls5FbJIM53X7"
1625685262896	Marionette	INFO	Marionette enabled
console.warn: SearchSettings: "get: No settings file exists, new profile?" (new NotFoundError("Could not open the file at /tmp/rust_mozprofile.ls5FbJIM53X7/search.json.mozlz4", (void 0)))
1625685267982	Marionette	INFO	Listening on port 46595
1625685268010	Marionette	WARN	TLS certificate errors will be ignored for this session
1625685270509	Marionette	WARN	Ignoring event 'pageshow' because document has an invalid readyState of 'uninitialized'.
1625685368437	mozrunner::runner	INFO	Running command: "/usr/bin/firefox" "-marionette" "-foreground" "-no-remote" "-profile" "/tmp/rust_mozprofile.xkkdr3jxaZvw"
1625685371011	Marionette	INFO	Marionette enabled

###!!! [Child][RunMessage] Error: Channel closing: too late to send/recv, messages will be lost

1625685373071	Marionette	INFO	Stopped listening on port 46595

###!!! [Parent][RunMessage] Error: Channel closing: too late to send/recv, messages will be lost

console.warn: SearchSettings: "get: No settings file exists, new profile?" (new NotFoundError("Could not open the file at /tmp/rust_mozprofile.xkkdr3jxaZvw/search.json.mozlz4", (void 0)))
1625685378321	Marionette	INFO	Listening on port 44993
1625685378495	Marionette	WARN	TLS certificate errors will be ignored for this session
1625685382553	Marionette	WARN	Ignoring event 'pageshow' because document has an invalid readyState of 'uninitialized'.
1625685419671	Marionette	INFO	Stopped listening on port 44993
1625685428023	mozrunner::runner	INFO	Running command: "/usr/bin/firefox" "-marionette" "-foreground" "-no-remote" "-profile" "/tmp/rust_mozprofile.VyOPnO6mCEX0"
1625685433407	Marionette	INFO	Marionette enabled
console.warn: SearchSettings: "get: No settings file exists, new profile?" (new NotFoundError("Could not open the file at /tmp/rust_mozprofile.VyOPnO6mCEX0/search.json.mozlz4", (void 0)))
1625685441728	Marionette	INFO	Listening on port 43281
1625685441792	Marionette	WARN	TLS certificate errors will be ignored for this session
1625685444390	Marionette	WARN	Ignoring event 'pageshow' because document has an invalid readyState of 'uninitialized'.

###!!! [Parent][RunMessage] Error: Channel closing: too late to send/recv, messages will be lost


###!!! [Parent][RunMessage] Error: Channel closing: too late to send/recv, messages will be lost

1625685474472	Marionette	INFO	Stopped listening on port 43281

###!!! [Parent][RunMessage] Error: Channel closing: too late to send/recv, messages will be lost

1625685638825	mozrunner::runner	INFO	Running command: "/usr/bin/firefox" "-marionette" "-foreground" "-no-remote" "-profile" "/tmp/rust_mozprofile.YQqar40rATza"
1625685642802	Marionette	INFO	Marionette enabled
console.warn: SearchSettings: "get: No settings file exists, new profile?" (new NotFoundError("Could not open the file at /tmp/rust_mozprofile.YQqar40rATza/search.json.mozlz4", (void 0)))
1625685650218	Marionette	INFO	Listening on port 39813
1625685650561	Marionette	WARN	TLS certificate errors will be ignored for this session
1625685659098	Marionette	WARN	Ignoring event 'pageshow' because document has an invalid readyState of 'uninitialized'.
1625685718144	Marionette	INFO	Stopped listening on port 39813
1625685782450	mozrunner::runner	INFO	Running command: "/usr/bin/firefox" "-marionette" "-foreground" "-no-remote" "-profile" "/tmp/rust_mozprofile.7SexOOCnxSGO"
1625685790555	Marionette	INFO	Marionette enabled
console.warn: SearchSettings: "get: No settings file exists, new profile?" (new NotFoundError("Could not open the file at /tmp/rust_mozprofile.7SexOOCnxSGO/search.json.mozlz4", (void 0)))
1625685801759	Marionette	INFO	Listening on port 39543
1625685802056	Marionette	WARN	TLS certificate errors will be ignored for this session
1625685809812	Marionette	WARN	Ignoring event 'pageshow' because document has an invalid readyState of 'uninitialized'.

###!!! [Parent][RunMessage] Error: Channel closing: too late to send/recv, messages will be lost


###!!! [Parent][RunMessage] Error: Channel closing: too late to send/recv, messages will be lost

1625685888308	Marionette	INFO	Stopped listening on port 39543
1625685916586	mozrunner::runner	INFO	Running command: "/usr/bin/firefox" "-marionette" "-foreground" "-no-remote" "-profile" "/tmp/rust_mozprofile.5Hqm06PmTtFc"
1625685924230	Marionette	INFO	Marionette enabled
console.warn: SearchSettings: "get: No settings file exists, new profile?" (new NotFoundError("Could not open the file at /tmp/rust_mozprofile.5Hqm06PmTtFc/search.json.mozlz4", (void 0)))
1625685934678	Marionette	INFO	Listening on port 40703
1625685934922	Marionette	WARN	TLS certificate errors will be ignored for this session
1625685942922	Marionette	WARN	Ignoring event 'pageshow' because document has an invalid readyState of 'uninitialized'.

###!!! [Parent][RunMessage] Error: Channel closing: too late to send/recv, messages will be lost


###!!! [Parent][RunMessage] Error: Channel closing: too late to send/recv, messages will be lost


###!!! [Parent][RunMessage] Error: Channel closing: too late to send/recv, messages will be lost


###!!! [Parent][RunMessage] Error: Channel closing: too late to send/recv, messages will be lost


###!!! [Parent][RunMessage] Error: Channel closing: too late to send/recv, messages will be lost

1625686078499	Marionette	INFO	Stopped listening on port 40703
1625686473170	mozrunner::runner	INFO	Running command: "/usr/bin/firefox" "-marionette" "-foreground" "-no-remote" "-profile" "/tmp/rust_mozprofile.UYZcZjV5gCd4"
1625686480120	Marionette	INFO	Marionette enabled
console.warn: SearchSettings: "get: No settings file exists, new profile?" (new NotFoundError("Could not open the file at /tmp/rust_mozprofile.UYZcZjV5gCd4/search.json.mozlz4", (void 0)))
1625686489156	Marionette	INFO	Listening on port 40455
1625686489465	Marionette	WARN	TLS certificate errors will be ignored for this session
1625686495941	Marionette	WARN	Ignoring event 'pageshow' because document has an invalid readyState of 'uninitialized'.
JavaScript error: https://tpc.googlesyndication.com/sodar/5k7CCto5.html, line 11: uncaught exception: 7
Exiting due to channel error.
Exiting due to channel error.
Exiting due to channel error.
1625686597813	mozrunner::runner	INFO	Running command: "/usr/bin/firefox" "-marionette" "-foreground" "-no-remote" "-profile" "/tmp/rust_mozprofile.kPb2wRAxj3ce"
1625686605336	Marionette	INFO	Marionette enabled
console.warn: SearchSettings: "get: No settings file exists, new profile?" (new NotFoundError("Could not open the file at /tmp/rust_mozprofile.kPb2wRAxj3ce/search.json.mozlz4", (void 0)))
1625686614280	Marionette	INFO	Listening on port 45145
1625686615199	Marionette	WARN	TLS certificate errors will be ignored for this session
1625686618658	Marionette	WARN	Ignoring event 'pageshow' because document has an invalid readyState of 'uninitialized'.
JavaScript error: https://tpc.googlesyndication.com/sodar/5k7CCto5.html, line 11: uncaught exception: 7
JavaScript error: https://tpc.googlesyndication.com/sodar/5k7CCto5.html, line 11: uncaught exception: 7
Exiting due to channel error.
Exiting due to channel error.
Exiting due to channel error.
1625686683506	mozrunner::runner	INFO	Running command: "/usr/bin/firefox" "-marionette" "-foreground" "-no-remote" "-profile" "/tmp/rust_mozprofile.nEE0bkttkB9A"
1625686687419	Marionette	INFO	Marionette enabled
console.warn: SearchSettings: "get: No settings file exists, new profile?" (new NotFoundError("Could not open the file at /tmp/rust_mozprofile.nEE0bkttkB9A/search.json.mozlz4", (void 0)))
1625686693295	Marionette	INFO	Listening on port 39327
1625686694121	Marionette	WARN	TLS certificate errors will be ignored for this session
1625686696849	Marionette	WARN	Ignoring event 'pageshow' because document has an invalid readyState of 'uninitialized'.
1625686724371	Marionette	INFO	Stopped listening on port 39327

###!!! [Parent][RunMessage] Error: Channel closing: too late to send/recv, messages will be lost

1625687064550	mozrunner::runner	INFO	Running command: "/usr/bin/firefox" "-marionette" "-foreground" "-no-remote" "-profile" "/tmp/rust_mozprofile.vdNOwtWmaAaq"
1625687066309	Marionette	INFO	Marionette enabled
console.warn: SearchSettings: "get: No settings file exists, new profile?" (new NotFoundError("Could not open the file at /tmp/rust_mozprofile.vdNOwtWmaAaq/search.json.mozlz4", (void 0)))
1625687069383	Marionette	INFO	Listening on port 40741
1625687069764	Marionette	WARN	TLS certificate errors will be ignored for this session
1625687072291	Marionette	WARN	Ignoring event 'pageshow' because document has an invalid readyState of 'uninitialized'.
JavaScript error: , line 0: NotFoundError: No such JSWindowActor 'MarionetteEvents'
1625687092086	Marionette	INFO	Stopped listening on port 40741
1625687108478	mozrunner::runner	INFO	Running command: "/usr/bin/firefox" "-marionette" "-foreground" "-no-remote" "-profile" "/tmp/rust_mozprofile.scYUKCSGpdki"
1625687110333	Marionette	INFO	Marionette enabled
console.warn: SearchSettings: "get: No settings file exists, new profile?" (new NotFoundError("Could not open the file at /tmp/rust_mozprofile.scYUKCSGpdki/search.json.mozlz4", (void 0)))
1625687113287	Marionette	INFO	Listening on port 36661
1625687113720	Marionette	WARN	TLS certificate errors will be ignored for this session
1625687116182	Marionette	WARN	Ignoring event 'pageshow' because document has an invalid readyState of 'uninitialized'.
1625687190762	Marionette	INFO	Stopped listening on port 36661
1625687523023	mozrunner::runner	INFO	Running command: "/usr/bin/firefox" "-marionette" "-foreground" "-no-remote" "-profile" "/tmp/rust_mozprofile.3hVwwh6gWzhE"
1625687524853	Marionette	INFO	Marionette enabled
console.warn: SearchSettings: "get: No settings file exists, new profile?" (new NotFoundError("Could not open the file at /tmp/rust_mozprofile.3hVwwh6gWzhE/search.json.mozlz4", (void 0)))
1625687527644	Marionette	INFO	Listening on port 42295
1625687527785	Marionette	WARN	TLS certificate errors will be ignored for this session
1625687530621	Marionette	WARN	Ignoring event 'pageshow' because document has an invalid readyState of 'uninitialized'.
1625687544387	Marionette	INFO	Stopped listening on port 42295
1625687596944	mozrunner::runner	INFO	Running command: "/usr/bin/firefox" "-marionette" "-foreground" "-no-remote" "-profile" "/tmp/rust_mozprofile.CCFzhYtHOayN"
1625687598519	Marionette	INFO	Marionette enabled
console.warn: SearchSettings: "get: No settings file exists, new profile?" (new NotFoundError("Could not open the file at /tmp/rust_mozprofile.CCFzhYtHOayN/search.json.mozlz4", (void 0)))
1625687601495	Marionette	INFO	Listening on port 42909
1625687601870	Marionette	WARN	TLS certificate errors will be ignored for this session
1625687604318	Marionette	WARN	Ignoring event 'pageshow' because document has an invalid readyState of 'uninitialized'.
Exiting due to channel error.
Exiting due to channel error.
Exiting due to channel error.
1625687690389	mozrunner::runner	INFO	Running command: "/usr/bin/firefox" "-marionette" "-foreground" "-no-remote" "-profile" "/tmp/rust_mozprofile.dQU5360FVu79"
1625687692024	Marionette	INFO	Marionette enabled
console.warn: SearchSettings: "get: No settings file exists, new profile?" (new NotFoundError("Could not open the file at /tmp/rust_mozprofile.dQU5360FVu79/search.json.mozlz4", (void 0)))
1625687694710	Marionette	INFO	Listening on port 33107
1625687694974	Marionette	WARN	TLS certificate errors will be ignored for this session
1625687697454	Marionette	WARN	Ignoring event 'pageshow' because document has an invalid readyState of 'uninitialized'.
1625687743567	Marionette	INFO	Stopped listening on port 33107
1625687766881	mozrunner::runner	INFO	Running command: "/usr/bin/firefox" "-marionette" "-foreground" "-no-remote" "-profile" "/tmp/rust_mozprofile.rApvv0R9Ugx3"
1625687768519	Marionette	INFO	Marionette enabled
console.warn: SearchSettings: "get: No settings file exists, new profile?" (new NotFoundError("Could not open the file at /tmp/rust_mozprofile.rApvv0R9Ugx3/search.json.mozlz4", (void 0)))
1625687771407	Marionette	INFO	Listening on port 39755
1625687771573	Marionette	WARN	TLS certificate errors will be ignored for this session
1625687773961	Marionette	WARN	Ignoring event 'pageshow' because document has an invalid readyState of 'uninitialized'.
1625687835632	mozrunner::runner	INFO	Running command: "/usr/bin/firefox" "-marionette" "-foreground" "-no-remote" "-profile" "/tmp/rust_mozprofile.aqS6RcqhuUwb"
1625687837295	Marionette	INFO	Marionette enabled
console.warn: SearchSettings: "get: No settings file exists, new profile?" (new NotFoundError("Could not open the file at /tmp/rust_mozprofile.aqS6RcqhuUwb/search.json.mozlz4", (void 0)))
1625687840361	Marionette	INFO	Listening on port 35861
1625687840641	Marionette	WARN	TLS certificate errors will be ignored for this session
1625687843046	Marionette	WARN	Ignoring event 'pageshow' because document has an invalid readyState of 'uninitialized'.
JavaScript error: https://tpc.googlesyndication.com/sodar/5k7CCto5.html, line 11: uncaught exception: 7

###!!! [Parent][RunMessage] Error: Channel closing: too late to send/recv, messages will be lost


###!!! [Parent][RunMessage] Error: Channel closing: too late to send/recv, messages will be lost

Exiting due to channel error.
[GFX1-]: Receive IPC close with reason=AbnormalShutdown
Exiting due to channel error.
Exiting due to channel error.
1625687885142	Marionette	INFO	Stopped listening on port 39755
1625688021398	mozrunner::runner	INFO	Running command: "/usr/bin/firefox" "-marionette" "-foreground" "-no-remote" "-profile" "/tmp/rust_mozprofile.gbb2Jgj7p4LI"
1625688023036	Marionette	INFO	Marionette enabled
console.warn: SearchSettings: "get: No settings file exists, new profile?" (new NotFoundError("Could not open the file at /tmp/rust_mozprofile.gbb2Jgj7p4LI/search.json.mozlz4", (void 0)))
1625688025659	Marionette	INFO	Listening on port 46575
1625688025968	Marionette	WARN	TLS certificate errors will be ignored for this session
1625688028646	Marionette	WARN	Ignoring event 'pageshow' because document has an invalid readyState of 'uninitialized'.
Marionette threw an error: NotFoundError: WindowGlobalParent.getActor: No such JSWindowActor 'MarionetteCommands'
getMarionetteCommandsActorProxy/get/<@chrome://marionette/content/actors/MarionetteCommandsParent.jsm:327:69
unregisterCommandsActor@chrome://marionette/content/actors/MarionetteCommandsParent.jsm:390:15
GeckoDriver.prototype.deleteSession@chrome://marionette/content/driver.js:2335:3
onClosed@chrome://marionette/content/server.js:194:17
close@chrome://marionette/content/transport.js:225:18
onInputStreamReady@chrome://marionette/content/transport.js:379:14

JavaScript error: resource://gre/modules/AsyncShutdown.jsm, line 575: NotFoundError: No such JSWindowActor 'MarionetteCommands'
1625688071496	Marionette	INFO	Stopped listening on port 46575

###!!! [Parent][RunMessage] Error: Channel closing: too late to send/recv, messages will be lost

